<?xml version="1.0" encoding="UTF-8"?>
<testng-results ignored="0" total="2" passed="2" failed="0" skipped="0">
  <reporter-output>
  </reporter-output>
  <suite started-at="2022-08-21T14:44:33 IST" name="Command line suite" finished-at="2022-08-21T14:44:44 IST" duration-ms="11533">
    <groups>
    </groups>
    <test started-at="2022-08-21T14:44:33 IST" name="Command line test" finished-at="2022-08-21T14:44:44 IST" duration-ms="11533">
      <class name="mavenTest1.openFaceTest">
        <test-method signature="login()[pri:0, instance:mavenTest1.openFaceTest@33cb5951]" started-at="2022-08-21T14:44:33 IST" name="login" finished-at="2022-08-21T14:44:44 IST" duration-ms="11463" status="PASS">
          <reporter-output>
          </reporter-output>
        </test-method> <!-- login -->
      </class> <!-- mavenTest1.openFaceTest -->
      <class name="mavenTest1.SecTest">
        <test-method signature="check()[pri:0, instance:mavenTest1.SecTest@365c30cc]" started-at="2022-08-21T14:44:44 IST" name="check" finished-at="2022-08-21T14:44:44 IST" duration-ms="2" status="PASS">
          <reporter-output>
          </reporter-output>
        </test-method> <!-- check -->
      </class> <!-- mavenTest1.SecTest -->
    </test> <!-- Command line test -->
  </suite> <!-- Command line suite -->
</testng-results>
