<?xml version="1.0" encoding="UTF-8"?>
<testng-results ignored="0" total="1" passed="1" failed="0" skipped="0">
  <reporter-output>
  </reporter-output>
  <suite started-at="2022-08-19T13:18:48 IST" name="Default suite" finished-at="2022-08-19T13:18:55 IST" duration-ms="7367">
    <groups>
    </groups>
    <test started-at="2022-08-19T13:18:48 IST" name="Default test" finished-at="2022-08-19T13:18:55 IST" duration-ms="7367">
      <class name="mavenTest1.test1">
        <test-method signature="login()[pri:0, instance:mavenTest1.test1@4d465b11]" started-at="2022-08-19T13:18:48 IST" name="login" finished-at="2022-08-19T13:18:55 IST" duration-ms="7297" status="PASS">
          <reporter-output>
          </reporter-output>
        </test-method> <!-- login -->
      </class> <!-- mavenTest1.test1 -->
    </test> <!-- Default test -->
  </suite> <!-- Default suite -->
</testng-results>
